===== logs/hardware-scenarios/scenario-1-fire-emergency.log =====
[EVENT] Light is DARK (override NOT active) -> request Light ON
[EVENT] Temp > 35 -> FIRE ALERT + request Heater OFF
[PROPERTY] HeaterOffDuringFire: Fire detected, heater turning OFF ✓
[EVENT] FIRE ALERT at Central -> OPEN DOOR, cancel door close request, deactivate light override
[PROPERTY] FireKeepsDoorOpen: fireActive=true, door being OPENED ✓
[PROPERTY] EmergencyImpliesAlarmOrHistory: emergencyActive=true, fireActive=true ✓
[EVENT] Door OPENED
[EVENT] Light ON
[INFO] Light notified ON, tracking lightIsOn=true
[EVENT] Light is DARK (override NOT active) -> request Light ON
[EVENT] Temp > 35 -> FIRE ALERT + request Heater OFF
[PROPERTY] HeaterOffDuringFire: Fire detected, heater turning OFF ✓
[EVENT] Light is DARK (override NOT active) -> request Light ON
[EVENT] Temp > 35 -> FIRE ALERT + request Heater OFF
[PROPERTY] HeaterOffDuringFire: Fire detected, heater turning OFF ✓
[EVENT] Light is DARK (override NOT active) -> request Light ON
[EVENT] Temp > 35 -> FIRE ALERT + request Heater OFF
[PROPERTY] HeaterOffDuringFire: Fire detected, heater turning OFF ✓
[EVENT] Light is DARK (override NOT active) -> request Light ON
[EVENT] Temp > 35 -> FIRE ALERT + request Heater OFF
[PROPERTY] HeaterOffDuringFire: Fire detected, heater turning OFF ✓
[EVENT] Light is DARK (override NOT active) -> request Light ON
[EVENT] Temp > 35 -> FIRE ALERT + request Heater OFF
[PROPERTY] HeaterOffDuringFire: Fire detected, heater turning OFF ✓
[EVENT] Light is DARK (override NOT active) -> request Light ON
[EVENT] Temp > 35 -> FIRE ALERT + request Heater OFF
[PROPERTY] HeaterOffDuringFire: Fire detected, heater turning OFF ✓
[EVENT] Light is DARK (override NOT active) -> request Light ON
[EVENT] Temp > 35 -> FIRE ALERT + request Heater OFF
[PROPERTY] HeaterOffDuringFire: Fire detected, heater turning OFF ✓

===== logs/hardware-scenarios/scenario-2-intrusion-stealth.log =====
[EVENT] Motion detected -> unwanted person alert to Central
[EVENT] Light is BRIGHT (override NOT active) -> request Light OFF
[EVENT] 20 <= Temp <= 25 -> request Heater OFF
[EVENT] Unwanted person alert at Central -> set emergency mode, schedule delayed CLOSE DOOR, activate light override
[INFO] Intrusion auto-clear scheduled in 30 seconds
[PROPERTY] EmergencyImpliesAlarmOrHistory: emergencyActive=true, intrusionActive=true ✓
[EVENT] Delayed door close request executing (fire not active) -> CLOSE DOOR
[EVENT] Light override ACTIVATED (stealth mode)
[EVENT] Door CLOSED
[EVENT] Motion detected -> unwanted person alert to Central
[INFO] Light override ACTIVE -> ignoring light sensor update
[PROPERTY] LightOffDuringIntrusionOverride: lightOverride=true, preventing light control ✓
[EVENT] 20 <= Temp <= 25 -> request Heater OFF
[INFO] Unwanted person alert received while intrusion already active (no action)
[EVENT] Motion detected -> unwanted person alert to Central
[INFO] Light override ACTIVE -> ignoring light sensor update
[PROPERTY] LightOffDuringIntrusionOverride: lightOverride=true, preventing light control ✓
[EVENT] 20 <= Temp <= 25 -> request Heater OFF
[INFO] Unwanted person alert received while intrusion already active (no action)
[EVENT] Motion detected -> unwanted person alert to Central
[INFO] Light override ACTIVE -> ignoring light sensor update
[PROPERTY] LightOffDuringIntrusionOverride: lightOverride=true, preventing light control ✓
[EVENT] 20 <= Temp <= 25 -> request Heater OFF
[INFO] Unwanted person alert received while intrusion already active (no action)
[EVENT] Motion detected -> unwanted person alert to Central
[INFO] Light override ACTIVE -> ignoring light sensor update
[PROPERTY] LightOffDuringIntrusionOverride: lightOverride=true, preventing light control ✓
[EVENT] 20 <= Temp <= 25 -> request Heater OFF
[INFO] Unwanted person alert received while intrusion already active (no action)
[EVENT] Motion detected -> unwanted person alert to Central
[INFO] Light override ACTIVE -> ignoring light sensor update
[PROPERTY] LightOffDuringIntrusionOverride: lightOverride=true, preventing light control ✓
[EVENT] 20 <= Temp <= 25 -> request Heater OFF
[INFO] Unwanted person alert received while intrusion already active (no action)
[EVENT] Motion detected -> unwanted person alert to Central
[INFO] Light override ACTIVE -> ignoring light sensor update
[PROPERTY] LightOffDuringIntrusionOverride: lightOverride=true, preventing light control ✓
[EVENT] 20 <= Temp <= 25 -> request Heater OFF
[INFO] Unwanted person alert received while intrusion already active (no action)
[EVENT] Motion detected -> unwanted person alert to Central
[INFO] Light override ACTIVE -> ignoring light sensor update
[PROPERTY] LightOffDuringIntrusionOverride: lightOverride=true, preventing light control ✓
[EVENT] 20 <= Temp <= 25 -> request Heater OFF
[INFO] Unwanted person alert received while intrusion already active (no action)

===== logs/hardware-scenarios/scenario-3-fire-overrides-intrusion.log =====
[EVENT] Motion detected -> unwanted person alert to Central
[EVENT] Light is BRIGHT (override NOT active) -> request Light OFF
[EVENT] Temp > 35 -> FIRE ALERT + request Heater OFF
[PROPERTY] HeaterOffDuringFire: Fire detected, heater turning OFF ✓
[EVENT] FIRE ALERT at Central -> OPEN DOOR, cancel door close request, deactivate light override
[PROPERTY] FireKeepsDoorOpen: fireActive=true, door being OPENED ✓
[PROPERTY] EmergencyImpliesAlarmOrHistory: emergencyActive=true, fireActive=true ✓
[INFO] Unwanted person alert IGNORED (fire is active) -> DOOR REMAINS OPEN
[PROPERTY] FireOverridesIntrusion: fireActive=true, intrusion alert IGNORED ✓
[PROPERTY] FireKeepsDoorOpen: fireActive=true, door remains OPEN ✓
[EVENT] Door OPENED
[EVENT] Motion detected -> unwanted person alert to Central
[EVENT] Light is BRIGHT (override NOT active) -> request Light OFF
[EVENT] Temp > 35 -> FIRE ALERT + request Heater OFF
[PROPERTY] HeaterOffDuringFire: Fire detected, heater turning OFF ✓
[INFO] Unwanted person alert IGNORED (fire is active) -> DOOR REMAINS OPEN
[PROPERTY] FireOverridesIntrusion: fireActive=true, intrusion alert IGNORED ✓
[PROPERTY] FireKeepsDoorOpen: fireActive=true, door remains OPEN ✓
[EVENT] Motion detected -> unwanted person alert to Central
[EVENT] Light is BRIGHT (override NOT active) -> request Light OFF
[EVENT] Temp > 35 -> FIRE ALERT + request Heater OFF
[PROPERTY] HeaterOffDuringFire: Fire detected, heater turning OFF ✓
[INFO] Unwanted person alert IGNORED (fire is active) -> DOOR REMAINS OPEN
[PROPERTY] FireOverridesIntrusion: fireActive=true, intrusion alert IGNORED ✓
[PROPERTY] FireKeepsDoorOpen: fireActive=true, door remains OPEN ✓
[EVENT] Motion detected -> unwanted person alert to Central
[EVENT] Light is BRIGHT (override NOT active) -> request Light OFF
[EVENT] Temp > 35 -> FIRE ALERT + request Heater OFF
[PROPERTY] HeaterOffDuringFire: Fire detected, heater turning OFF ✓
[INFO] Unwanted person alert IGNORED (fire is active) -> DOOR REMAINS OPEN
[PROPERTY] FireOverridesIntrusion: fireActive=true, intrusion alert IGNORED ✓
[PROPERTY] FireKeepsDoorOpen: fireActive=true, door remains OPEN ✓
[EVENT] Motion detected -> unwanted person alert to Central
[EVENT] Light is BRIGHT (override NOT active) -> request Light OFF
[EVENT] Temp > 35 -> FIRE ALERT + request Heater OFF
[PROPERTY] HeaterOffDuringFire: Fire detected, heater turning OFF ✓
[INFO] Unwanted person alert IGNORED (fire is active) -> DOOR REMAINS OPEN
[PROPERTY] FireOverridesIntrusion: fireActive=true, intrusion alert IGNORED ✓
[PROPERTY] FireKeepsDoorOpen: fireActive=true, door remains OPEN ✓
[EVENT] Motion detected -> unwanted person alert to Central
[EVENT] Light is BRIGHT (override NOT active) -> request Light OFF
[EVENT] Temp > 35 -> FIRE ALERT + request Heater OFF
[PROPERTY] HeaterOffDuringFire: Fire detected, heater turning OFF ✓
[INFO] Unwanted person alert IGNORED (fire is active) -> DOOR REMAINS OPEN
[PROPERTY] FireOverridesIntrusion: fireActive=true, intrusion alert IGNORED ✓
[PROPERTY] FireKeepsDoorOpen: fireActive=true, door remains OPEN ✓
[EVENT] Motion detected -> unwanted person alert to Central
[EVENT] Light is BRIGHT (override NOT active) -> request Light OFF
[EVENT] Temp > 35 -> FIRE ALERT + request Heater OFF
[PROPERTY] HeaterOffDuringFire: Fire detected, heater turning OFF ✓
[INFO] Unwanted person alert IGNORED (fire is active) -> DOOR REMAINS OPEN
[PROPERTY] FireOverridesIntrusion: fireActive=true, intrusion alert IGNORED ✓
[PROPERTY] FireKeepsDoorOpen: fireActive=true, door remains OPEN ✓
[EVENT] Motion detected -> unwanted person alert to Central
[EVENT] Light is BRIGHT (override NOT active) -> request Light OFF
[EVENT] Temp > 35 -> FIRE ALERT + request Heater OFF
[PROPERTY] HeaterOffDuringFire: Fire detected, heater turning OFF ✓
[INFO] Unwanted person alert IGNORED (fire is active) -> DOOR REMAINS OPEN
[PROPERTY] FireOverridesIntrusion: fireActive=true, intrusion alert IGNORED ✓
[PROPERTY] FireKeepsDoorOpen: fireActive=true, door remains OPEN ✓
[EVENT] Motion detected -> unwanted person alert to Central
[EVENT] Light is BRIGHT (override NOT active) -> request Light OFF
[EVENT] Temp > 35 -> FIRE ALERT + request Heater OFF
[PROPERTY] HeaterOffDuringFire: Fire detected, heater turning OFF ✓
[INFO] Unwanted person alert IGNORED (fire is active) -> DOOR REMAINS OPEN
[PROPERTY] FireOverridesIntrusion: fireActive=true, intrusion alert IGNORED ✓
[PROPERTY] FireKeepsDoorOpen: fireActive=true, door remains OPEN ✓
[EVENT] Motion detected -> unwanted person alert to Central
[EVENT] Light is BRIGHT (override NOT active) -> request Light OFF
[EVENT] Temp > 35 -> FIRE ALERT + request Heater OFF
[PROPERTY] HeaterOffDuringFire: Fire detected, heater turning OFF ✓
[INFO] Unwanted person alert IGNORED (fire is active) -> DOOR REMAINS OPEN
[PROPERTY] FireOverridesIntrusion: fireActive=true, intrusion alert IGNORED ✓
[PROPERTY] FireKeepsDoorOpen: fireActive=true, door remains OPEN ✓

===== logs/hardware-scenarios/scenario-4-normal-baseline.log =====
[EVENT] Light is DARK (override NOT active) -> request Light ON
[EVENT] 25 < Temp <= 35 -> request Heater OFF
[EVENT] Light ON
[INFO] Light notified ON, tracking lightIsOn=true
[EVENT] Light is DARK (override NOT active) -> request Light ON
[EVENT] 25 < Temp <= 35 -> request Heater OFF
[EVENT] Light is DARK (override NOT active) -> request Light ON
[EVENT] 25 < Temp <= 35 -> request Heater OFF
[EVENT] Light is DARK (override NOT active) -> request Light ON
[EVENT] 25 < Temp <= 35 -> request Heater OFF
[EVENT] Light is DARK (override NOT active) -> request Light ON
[EVENT] 25 < Temp <= 35 -> request Heater OFF
[EVENT] Light is DARK (override NOT active) -> request Light ON
[EVENT] 25 < Temp <= 35 -> request Heater OFF

===== logs/hardware-scenarios/scenario-5-cold-temperature.log =====
[EVENT] Light is DARK (override NOT active) -> request Light ON
[EVENT] Temp < 20 -> request Heater ON
[EVENT] Light ON
[EVENT] Heater ON
[INFO] Light notified ON, tracking lightIsOn=true
[EVENT] Light is DARK (override NOT active) -> request Light ON
[EVENT] Temp < 20 -> request Heater ON
[EVENT] Light is DARK (override NOT active) -> request Light ON
[EVENT] Temp < 20 -> request Heater ON
[EVENT] Light is DARK (override NOT active) -> request Light ON
[EVENT] Temp < 20 -> request Heater ON
[EVENT] Light is DARK (override NOT active) -> request Light ON
[EVENT] Temp < 20 -> request Heater ON
[EVENT] Light is DARK (override NOT active) -> request Light ON
[EVENT] Temp < 20 -> request Heater ON

